Using pre-set license
Built from '2020.2/release' branch; Version is '2020.2.1f1 (270dd8c3da1c) revision 2559448'; Using compiler version '192528614'; Build Type 'Release'
OS: 'Windows 10  (10.0.0) 64bit' Language: 'en' Physical Memory: 16240 MB
BatchMode: 1, IsHumanControllingUs: 0, StartBugReporterOnCrash: 0, Is64bit: 1, IsPro: 0

 COMMAND LINE ARGUMENTS:
C:\Users\jorda\Documents\Unity\2020.2.1f1\Editor\Unity.exe
-adb2
-batchMode
-noUpm
-name
AssetImportWorker0
-projectPath
C:/Users/jorda/Documents/Unity/No Longer Human Save
-logFile
Logs/AssetImportWorker0.log
-srvPort
51518
Successfully changed project path to: C:/Users/jorda/Documents/Unity/No Longer Human Save
C:/Users/jorda/Documents/Unity/No Longer Human Save
Using Asset Import Pipeline V2.
Refreshing native plugins compatible for Editor in 20.41 ms, found 0 plugins.
Preloading 0 native plugins for Editor in 0.00 ms.
Initialize engine version: 2020.2.1f1 (270dd8c3da1c)
[Subsystems] Discovering subsystems at path C:/Users/jorda/Documents/Unity/2020.2.1f1/Editor/Data/Resources/UnitySubsystems
[Subsystems] Discovering subsystems at path C:/Users/jorda/Documents/Unity/No Longer Human Save/Assets
GfxDevice: creating device client; threaded=0
Direct3D:
    Version:  Direct3D 11.0 [level 11.1]
    Renderer: NVIDIA GeForce RTX 2060 (ID=0x1f11)
    Vendor:   
    VRAM:     5980 MB
    Driver:   27.21.14.5751
Initialize mono
Mono path[0] = 'C:/Users/jorda/Documents/Unity/2020.2.1f1/Editor/Data/Managed'
Mono path[1] = 'C:/Users/jorda/Documents/Unity/2020.2.1f1/Editor/Data/MonoBleedingEdge/lib/mono/unityjit'
Mono config path = 'C:/Users/jorda/Documents/Unity/2020.2.1f1/Editor/Data/MonoBleedingEdge/etc'
Using monoOptions --debugger-agent=transport=dt_socket,embedding=1,server=y,suspend=n,address=127.0.0.1:56304
Begin MonoManager ReloadAssembly
Registering precompiled unity dll's ...
Register platform support module: C:/Users/jorda/Documents/Unity/2020.2.1f1/Editor/Data/PlaybackEngines/MacStandaloneSupport/UnityEditor.OSXStandalone.Extensions.dll
Register platform support module: C:/Users/jorda/Documents/Unity/2020.2.1f1/Editor/Data/PlaybackEngines/WindowsStandaloneSupport/UnityEditor.WindowsStandalone.Extensions.dll
Registered in 0.002263 seconds.
Native extension for WindowsStandalone target not found
Native extension for OSXStandalone target not found
Refreshing native plugins compatible for Editor in 25.55 ms, found 0 plugins.
Preloading 0 native plugins for Editor in 0.00 ms.
Invoked RoslynAnalysisRunner static constructor.
RoslynAnalysisRunner will not be running.
RoslynAnalysisRunner has terminated.
Mono: successfully reloaded assembly
- Completed reload, in  1.075 seconds
Platform modules already initialized, skipping
Registering precompiled user dll's ...
Registered in 0.000791 seconds.
Begin MonoManager ReloadAssembly
Native extension for WindowsStandalone target not found
Native extension for OSXStandalone target not found
Refreshing native plugins compatible for Editor in 0.18 ms, found 0 plugins.
Preloading 0 native plugins for Editor in 0.00 ms.
Invoked RoslynAnalysisRunner static constructor.
RoslynAnalysisRunner will not be running.
RoslynAnalysisRunner has terminated.
Mono: successfully reloaded assembly
- Completed reload, in  0.807 seconds
Platform modules already initialized, skipping
========================================================================
Worker process is ready to serve import requests
Launched and connected shader compiler UnityShaderCompiler.exe after 0.05 seconds
Refreshing native plugins compatible for Editor in 0.38 ms, found 0 plugins.
Preloading 0 native plugins for Editor in 0.00 ms.
Unloading 1088 Unused Serialized files (Serialized files now loaded: 0)
System memory in use before: 57.7 MB.
System memory in use after: 57.8 MB.

Unloading 9 unused Assets to reduce memory usage. Loaded Objects now: 1534.
Total: 2.366300 ms (FindLiveObjects: 0.137600 ms CreateObjectMapping: 0.063600 ms MarkObjects: 2.119900 ms  DeleteObjects: 0.043600 ms)

========================================================================
Received Import Request.
  path: Assets/Scenes
  artifactKey: Guid(b51f9387a5ecb3042b89902394d0f04c) Importer(815301076,1909f56bfc062723c751e8b465ee728b)
Start importing Assets/Scenes using Guid(b51f9387a5ecb3042b89902394d0f04c) Importer(815301076,1909f56bfc062723c751e8b465ee728b)  -> (artifact id: '92eb051fbf18d53adb65f05a4721d7a3') in 0.015043 seconds
  Import took 0.017775 seconds .

========================================================================
Received Import Request.
  Time since last request: 0.000801 seconds.
  path: Assets/PlayerControls
  artifactKey: Guid(8594d1ba2211b3b45a7a3c60fd98e9d8) Importer(815301076,1909f56bfc062723c751e8b465ee728b)
Start importing Assets/PlayerControls using Guid(8594d1ba2211b3b45a7a3c60fd98e9d8) Importer(815301076,1909f56bfc062723c751e8b465ee728b)  -> (artifact id: '21000904e1e600a73397b66c83e9a619') in 0.011829 seconds
  Import took 0.014811 seconds .

========================================================================
Received Import Request.
  Time since last request: 1.127128 seconds.
  path: Assets/Scenes/pixelatte scene.unity
  artifactKey: Guid(97b4e0e8699514874a347154f5a1bdfe) Importer(815301076,1909f56bfc062723c751e8b465ee728b)
Start importing Assets/Scenes/pixelatte scene.unity using Guid(97b4e0e8699514874a347154f5a1bdfe) Importer(815301076,1909f56bfc062723c751e8b465ee728b)  -> (artifact id: 'ccdf035f504cc27e0404045ab6f3bb70') in 0.020602 seconds
  Import took 0.023255 seconds .

========================================================================
Received Import Request.
  Time since last request: 10.785710 seconds.
  path: Assets/Scenes/PlayerControlRoom.unity
  artifactKey: Guid(9fc0d4010bbf28b4594072e72b8655ab) Importer(815301076,1909f56bfc062723c751e8b465ee728b)
Start importing Assets/Scenes/PlayerControlRoom.unity using Guid(9fc0d4010bbf28b4594072e72b8655ab) Importer(815301076,1909f56bfc062723c751e8b465ee728b)  -> (artifact id: 'c725617f30e6c6ee1960c7a5ac95d973') in 0.014332 seconds
  Import took 0.016477 seconds .

========================================================================
Received Prepare
Registering precompiled user dll's ...
Registered in 0.000575 seconds.
Begin MonoManager ReloadAssembly
Native extension for WindowsStandalone target not found
Native extension for OSXStandalone target not found
Refreshing native plugins compatible for Editor in 0.18 ms, found 0 plugins.
Preloading 0 native plugins for Editor in 0.00 ms.
Invoked RoslynAnalysisRunner static constructor.
RoslynAnalysisRunner will not be running.
RoslynAnalysisRunner has terminated.
Mono: successfully reloaded assembly
- Completed reload, in  0.724 seconds
Platform modules already initialized, skipping
Refreshing native plugins compatible for Editor in 0.20 ms, found 0 plugins.
Preloading 0 native plugins for Editor in 0.00 ms.
Unloading 1079 Unused Serialized files (Serialized files now loaded: 0)
System memory in use before: 57.7 MB.
System memory in use after: 57.8 MB.

Unloading 4 unused Assets to reduce memory usage. Loaded Objects now: 1536.
Total: 1.512600 ms (FindLiveObjects: 0.122500 ms CreateObjectMapping: 0.085900 ms MarkObjects: 1.288800 ms  DeleteObjects: 0.014400 ms)

